-------------------------------------------------------------------------------
Test set: com.udacity.jwdnd.course1.cloudstorage.CloudStorageApplicationTests
-------------------------------------------------------------------------------
Tests run: 1, Failures: 1, Errors: 0, Skipped: 0, Time elapsed: 49.136 s <<< FAILURE! - in com.udacity.jwdnd.course1.cloudstorage.CloudStorageApplicationTests
getLoginPage  Time elapsed: 0 s  <<< FAILURE!
org.opentest4j.AssertionFailedError: expected: <Login> but was: <Please sign in>
	at com.udacity.jwdnd.course1.cloudstorage.CloudStorageApplicationTests.getLoginPage(CloudStorageApplicationTests.java:38)

